<?xml version="1.0" encoding="UTF-8"?>
<testsuite xmlns:xsi="http://www.w3.org/2001/XMLSchema-instance" xsi:noNamespaceSchemaLocation="https://maven.apache.org/surefire/maven-surefire-plugin/xsd/surefire-test-report.xsd" name="TestSuite" time="77.304" tests="5" errors="0" skipped="0" failures="0">
  <properties>
[...]
</properties>
  <testcase name="createUsersTest" classname="com.qa.gorest.tests.CreateUserTest" time="34.225"/>
  <testcase name="createUsersTest" classname="com.qa.gorest.tests.CreateUserTest" time="3.017"/>
  <testcase name="createUsersTest" classname="com.qa.gorest.tests.CreateUserTest" time="2.962"/>
  <testcase name="createUsersTest" classname="com.qa.gorest.tests.CreateUserTest" time="2.529"/>
  <testcase name="createUsersTest" classname="com.qa.gorest.tests.CreateUserTest" time="2.411"/>
</testsuite>