<?xml version="1.0" encoding="UTF-8"?>
<testng-results ignored="0" total="5" passed="5" failed="0" skipped="0">
  <reporter-output>
  </reporter-output>
  <suite started-at="2024-01-11T23:40:26 IST" name="API Regression Suite" finished-at="2024-01-11T23:41:35 IST" duration-ms="69341">
    <groups>
    </groups>
    <test started-at="2024-01-11T23:40:26 IST" name="Go Rest API Create User Test" finished-at="2024-01-11T23:41:35 IST" duration-ms="69341">
      <class name="com.qa.gorest.tests.CreateUserTest">
        <test-method is-config="true" signature="setUp(java.lang.String)[pri:0, instance:com.qa.gorest.tests.CreateUserTest@5456afaa]" started-at="2024-01-11T23:40:26 IST" name="setUp" finished-at="2024-01-11T23:40:30 IST" duration-ms="4599" status="PASS">
          <params>
            <param index="0">
              <value>
                <![CDATA[https://gorest.co.in]]>
              </value>
            </param>
          </params>
          <reporter-output>
          </reporter-output>
        </test-method> <!-- setUp -->
        <test-method is-config="true" signature="getUSerSetup()[pri:0, instance:com.qa.gorest.tests.CreateUserTest@5456afaa]" started-at="2024-01-11T23:40:47 IST" name="getUSerSetup" finished-at="2024-01-11T23:40:47 IST" duration-ms="6" status="PASS">
          <reporter-output>
          </reporter-output>
        </test-method> <!-- getUSerSetup -->
        <test-method signature="createUsersTest(java.lang.String,java.lang.String,java.lang.String)[pri:0, instance:com.qa.gorest.tests.CreateUserTest@5456afaa]" started-at="2024-01-11T23:40:50 IST" name="createUsersTest" data-provider="getUserTestSheetData" finished-at="2024-01-11T23:41:24 IST" duration-ms="34121" status="PASS">
          <params>
            <param index="0">
              <value>
                <![CDATA[Sameer]]>
              </value>
            </param>
            <param index="1">
              <value>
                <![CDATA[male]]>
              </value>
            </param>
            <param index="2">
              <value>
                <![CDATA[active]]>
              </value>
            </param>
          </params>
          <reporter-output>
          </reporter-output>
        </test-method> <!-- createUsersTest -->
        <test-method is-config="true" signature="getUSerSetup()[pri:0, instance:com.qa.gorest.tests.CreateUserTest@5456afaa]" started-at="2024-01-11T23:41:24 IST" name="getUSerSetup" finished-at="2024-01-11T23:41:24 IST" duration-ms="3" status="PASS">
          <reporter-output>
          </reporter-output>
        </test-method> <!-- getUSerSetup -->
        <test-method signature="createUsersTest(java.lang.String,java.lang.String,java.lang.String)[pri:0, instance:com.qa.gorest.tests.CreateUserTest@5456afaa]" started-at="2024-01-11T23:41:24 IST" name="createUsersTest" data-provider="getUserTestSheetData" finished-at="2024-01-11T23:41:27 IST" duration-ms="3022" status="PASS">
          <params>
            <param index="0">
              <value>
                <![CDATA[Sana]]>
              </value>
            </param>
            <param index="1">
              <value>
                <![CDATA[female]]>
              </value>
            </param>
            <param index="2">
              <value>
                <![CDATA[active]]>
              </value>
            </param>
          </params>
          <reporter-output>
          </reporter-output>
        </test-method> <!-- createUsersTest -->
        <test-method is-config="true" signature="getUSerSetup()[pri:0, instance:com.qa.gorest.tests.CreateUserTest@5456afaa]" started-at="2024-01-11T23:41:27 IST" name="getUSerSetup" finished-at="2024-01-11T23:41:27 IST" duration-ms="1" status="PASS">
          <reporter-output>
          </reporter-output>
        </test-method> <!-- getUSerSetup -->
        <test-method signature="createUsersTest(java.lang.String,java.lang.String,java.lang.String)[pri:0, instance:com.qa.gorest.tests.CreateUserTest@5456afaa]" started-at="2024-01-11T23:41:27 IST" name="createUsersTest" data-provider="getUserTestSheetData" finished-at="2024-01-11T23:41:30 IST" duration-ms="2958" status="PASS">
          <params>
            <param index="0">
              <value>
                <![CDATA[Rahul]]>
              </value>
            </param>
            <param index="1">
              <value>
                <![CDATA[male]]>
              </value>
            </param>
            <param index="2">
              <value>
                <![CDATA[inactive]]>
              </value>
            </param>
          </params>
          <reporter-output>
          </reporter-output>
        </test-method> <!-- createUsersTest -->
        <test-method is-config="true" signature="getUSerSetup()[pri:0, instance:com.qa.gorest.tests.CreateUserTest@5456afaa]" started-at="2024-01-11T23:41:30 IST" name="getUSerSetup" finished-at="2024-01-11T23:41:30 IST" duration-ms="2" status="PASS">
          <reporter-output>
          </reporter-output>
        </test-method> <!-- getUSerSetup -->
        <test-method signature="createUsersTest(java.lang.String,java.lang.String,java.lang.String)[pri:0, instance:com.qa.gorest.tests.CreateUserTest@5456afaa]" started-at="2024-01-11T23:41:30 IST" name="createUsersTest" data-provider="getUserTestSheetData" finished-at="2024-01-11T23:41:33 IST" duration-ms="2520" status="PASS">
          <params>
            <param index="0">
              <value>
                <![CDATA[Nidhi]]>
              </value>
            </param>
            <param index="1">
              <value>
                <![CDATA[female]]>
              </value>
            </param>
            <param index="2">
              <value>
                <![CDATA[inactive]]>
              </value>
            </param>
          </params>
          <reporter-output>
          </reporter-output>
        </test-method> <!-- createUsersTest -->
        <test-method is-config="true" signature="getUSerSetup()[pri:0, instance:com.qa.gorest.tests.CreateUserTest@5456afaa]" started-at="2024-01-11T23:41:33 IST" name="getUSerSetup" finished-at="2024-01-11T23:41:33 IST" duration-ms="3" status="PASS">
          <reporter-output>
          </reporter-output>
        </test-method> <!-- getUSerSetup -->
        <test-method signature="createUsersTest(java.lang.String,java.lang.String,java.lang.String)[pri:0, instance:com.qa.gorest.tests.CreateUserTest@5456afaa]" started-at="2024-01-11T23:41:33 IST" name="createUsersTest" data-provider="getUserTestSheetData" finished-at="2024-01-11T23:41:35 IST" duration-ms="2411" status="PASS">
          <params>
            <param index="0">
              <value>
                <![CDATA[Ronny]]>
              </value>
            </param>
            <param index="1">
              <value>
                <![CDATA[male]]>
              </value>
            </param>
            <param index="2">
              <value>
                <![CDATA[active]]>
              </value>
            </param>
          </params>
          <reporter-output>
          </reporter-output>
        </test-method> <!-- createUsersTest -->
      </class> <!-- com.qa.gorest.tests.CreateUserTest -->
    </test> <!-- Go Rest API Create User Test -->
  </suite> <!-- API Regression Suite -->
</testng-results>
