<?xml version="1.0" encoding="UTF-8"?>
<!-- Generated by org.testng.reporters.JUnitXMLReporter -->
<testsuite ignored="0" hostname="Rounit" failures="0" tests="5" name="Go Rest API Create User Test" time="69.341" errors="0" timestamp="2024-01-11T23:41:35 IST">
  <testcase classname="com.qa.gorest.tests.CreateUserTest" name="createUsersTest" time="34.121"/>
  <testcase classname="com.qa.gorest.tests.CreateUserTest" name="createUsersTest" time="3.022"/>
  <testcase classname="com.qa.gorest.tests.CreateUserTest" name="createUsersTest" time="2.958"/>
  <testcase classname="com.qa.gorest.tests.CreateUserTest" name="createUsersTest" time="2.52"/>
  <testcase classname="com.qa.gorest.tests.CreateUserTest" name="createUsersTest" time="2.411"/>
</testsuite> <!-- Go Rest API Create User Test -->
